Copyright 1986-2021 Xilinx, Inc. All Rights Reserved.
------------------------------------------------------------------------------------
| Tool Version : Vivado v.2021.1 (lin64) Build 3247384 Thu Jun 10 19:36:07 MDT 2021
| Date         : Sun May  5 10:53:10 2024
| Host         : archlinux running 64-bit unknown
| Command      : report_control_sets -verbose -file UART_control_sets_placed.rpt
| Design       : UART
| Device       : xc7a35t
------------------------------------------------------------------------------------

Control Set Information

Table of Contents
-----------------
1. Summary
2. Histogram
3. Flip-Flop Distribution
4. Detailed Control Set Information

1. Summary
----------

+----------------------------------------------------------+-------+
|                          Status                          | Count |
+----------------------------------------------------------+-------+
| Total control sets                                       |     9 |
|    Minimum number of control sets                        |     9 |
|    Addition due to synthesis replication                 |     0 |
|    Addition due to physical synthesis replication        |     0 |
| Unused register locations in slices containing registers |    20 |
+----------------------------------------------------------+-------+
* Control sets can be merged at opt_design using control_set_merge or merge_equivalent_drivers
** Run report_qor_suggestions for automated merging and remapping suggestions


2. Histogram
------------

+--------------------+-------+
|       Fanout       | Count |
+--------------------+-------+
| Total control sets |     9 |
| >= 0 to < 4        |     1 |
| >= 4 to < 6        |     2 |
| >= 6 to < 8        |     0 |
| >= 8 to < 10       |     2 |
| >= 10 to < 12      |     0 |
| >= 12 to < 14      |     0 |
| >= 14 to < 16      |     1 |
| >= 16              |     3 |
+--------------------+-------+
* Control sets can be remapped at either synth_design or opt_design


3. Flip-Flop Distribution
-------------------------

+--------------+-----------------------+------------------------+-----------------+--------------+
| Clock Enable | Synchronous Set/Reset | Asynchronous Set/Reset | Total Registers | Total Slices |
+--------------+-----------------------+------------------------+-----------------+--------------+
| No           | No                    | No                     |              22 |            6 |
| No           | No                    | Yes                    |               0 |            0 |
| No           | Yes                   | No                     |              18 |            5 |
| Yes          | No                    | No                     |              32 |            7 |
| Yes          | No                    | Yes                    |               0 |            0 |
| Yes          | Yes                   | No                     |               4 |            1 |
+--------------+-----------------------+------------------------+-----------------+--------------+


4. Detailed Control Set Information
-----------------------------------

+----------------+---------------------------------------+---------------------------------------+------------------+----------------+--------------+
|  Clock Signal  |             Enable Signal             |            Set/Reset Signal           | Slice Load Count | Bel Load Count | Bels / Slice |
+----------------+---------------------------------------+---------------------------------------+------------------+----------------+--------------+
|  clk_IBUF_BUFG |                                       |                                       |                1 |              1 |         1.00 |
|  sig_BUFG      |                                       | receptionModule/counter[3]_i_1__0_n_0 |                1 |              4 |         4.00 |
|  sig_BUFG      | transmissionModule/sel                | transmissionModule/counter[3]_i_1_n_0 |                1 |              4 |         4.00 |
|  clk_IBUF_BUFG | btnD_IBUF                             |                                       |                2 |              8 |         4.00 |
|  sig_BUFG      | btnD_IBUF                             |                                       |                3 |              8 |         2.67 |
|  clk_IBUF_BUFG |                                       | counter[0]_i_1__1_n_0                 |                4 |             14 |         3.50 |
|  sig_BUFG      | receptionModule/ld                    |                                       |                1 |             16 |        16.00 |
|  sig_BUFG      | transmissionModule/initialize_reg_n_0 |                                       |                1 |             16 |        16.00 |
|  sig_BUFG      |                                       |                                       |                5 |             21 |         4.20 |
+----------------+---------------------------------------+---------------------------------------+------------------+----------------+--------------+


