
*** Running vivado
    with args -log UART.vds -m64 -product Vivado -mode batch -messageDb vivado.pb -notrace -source UART.tcl


****** Vivado v2021.1 (64-bit)
  **** SW Build 3247384 on Thu Jun 10 19:36:07 MDT 2021
  **** IP Build 3246043 on Fri Jun 11 00:30:35 MDT 2021
    ** Copyright 1986-2021 Xilinx, Inc. All Rights Reserved.

source UART.tcl -notrace
Command: synth_design -top UART -part xc7a35tcpg236-1
Starting synth_design
Attempting to get a license for feature 'Synthesis' and/or device 'xc7a35t'
INFO: [Common 17-349] Got license for feature 'Synthesis' and/or device 'xc7a35t'
INFO: [Device 21-403] Loading part xc7a35tcpg236-1
INFO: [Synth 8-7079] Multithreading enabled for synth_design using a maximum of 4 processes.
INFO: [Synth 8-7078] Launching helper process for spawning children vivado processes
INFO: [Synth 8-7075] Helper process launched with PID 6705
---------------------------------------------------------------------------------
Starting RTL Elaboration : Time (s): cpu = 00:00:06 ; elapsed = 00:00:07 . Memory (MB): peak = 2428.883 ; gain = 0.000 ; free physical = 594 ; free virtual = 16208
---------------------------------------------------------------------------------
INFO: [Synth 8-6157] synthesizing module 'UART' [/home/huseyin/VivadoProjects/Term_Project/Term_Project.srcs/sources_1/new/UART.sv:3]
INFO: [Synth 8-6157] synthesizing module 'UART_Transmitter' [/home/huseyin/VivadoProjects/Term_Project/Term_Project.srcs/sources_1/new/UART_Transmitter.sv:3]
INFO: [Synth 8-6157] synthesizing module 'MUX_2_To_1' [/home/huseyin/VivadoProjects/Term_Project/Term_Project.srcs/sources_1/new/MUX_2_To_1.sv:3]
INFO: [Synth 8-6155] done synthesizing module 'MUX_2_To_1' (1#1) [/home/huseyin/VivadoProjects/Term_Project/Term_Project.srcs/sources_1/new/MUX_2_To_1.sv:3]
INFO: [Synth 8-6157] synthesizing module 'Register_8_Bit' [/home/huseyin/VivadoProjects/Term_Project/Term_Project.srcs/sources_1/new/Register_8_Bit.sv:3]
INFO: [Synth 8-6155] done synthesizing module 'Register_8_Bit' (2#1) [/home/huseyin/VivadoProjects/Term_Project/Term_Project.srcs/sources_1/new/Register_8_Bit.sv:3]
INFO: [Synth 8-6157] synthesizing module 'Shift_Register_8_Bit' [/home/huseyin/VivadoProjects/Term_Project/Term_Project.srcs/sources_1/new/Shift_Register_8_Bit.sv:3]
INFO: [Synth 8-6157] synthesizing module 'Flip_Flop' [/home/huseyin/VivadoProjects/Term_Project/Term_Project.srcs/sources_1/new/Flip_Flop.sv:3]
INFO: [Synth 8-6155] done synthesizing module 'Flip_Flop' (3#1) [/home/huseyin/VivadoProjects/Term_Project/Term_Project.srcs/sources_1/new/Flip_Flop.sv:3]
INFO: [Synth 8-6155] done synthesizing module 'Shift_Register_8_Bit' (4#1) [/home/huseyin/VivadoProjects/Term_Project/Term_Project.srcs/sources_1/new/Shift_Register_8_Bit.sv:3]
INFO: [Synth 8-6155] done synthesizing module 'UART_Transmitter' (5#1) [/home/huseyin/VivadoProjects/Term_Project/Term_Project.srcs/sources_1/new/UART_Transmitter.sv:3]
INFO: [Synth 8-6157] synthesizing module 'UART_Receiver' [/home/huseyin/VivadoProjects/Term_Project/Term_Project.srcs/sources_1/new/UART_Receiver.sv:3]
INFO: [Synth 8-6155] done synthesizing module 'UART_Receiver' (6#1) [/home/huseyin/VivadoProjects/Term_Project/Term_Project.srcs/sources_1/new/UART_Receiver.sv:3]
INFO: [Synth 8-6155] done synthesizing module 'UART' (7#1) [/home/huseyin/VivadoProjects/Term_Project/Term_Project.srcs/sources_1/new/UART.sv:3]
---------------------------------------------------------------------------------
Finished RTL Elaboration : Time (s): cpu = 00:00:08 ; elapsed = 00:00:08 . Memory (MB): peak = 2428.883 ; gain = 0.000 ; free physical = 252 ; free virtual = 15512
---------------------------------------------------------------------------------
---------------------------------------------------------------------------------
Start Handling Custom Attributes
---------------------------------------------------------------------------------
---------------------------------------------------------------------------------
Finished Handling Custom Attributes : Time (s): cpu = 00:00:08 ; elapsed = 00:00:09 . Memory (MB): peak = 2428.883 ; gain = 0.000 ; free physical = 248 ; free virtual = 15509
---------------------------------------------------------------------------------
---------------------------------------------------------------------------------
Finished RTL Optimization Phase 1 : Time (s): cpu = 00:00:08 ; elapsed = 00:00:09 . Memory (MB): peak = 2428.883 ; gain = 0.000 ; free physical = 248 ; free virtual = 15509
---------------------------------------------------------------------------------
Netlist sorting complete. Time (s): cpu = 00:00:00 ; elapsed = 00:00:00 . Memory (MB): peak = 2428.883 ; gain = 0.000 ; free physical = 488 ; free virtual = 15750
INFO: [Project 1-570] Preparing netlist for logic optimization

Processing XDC Constraints
Initializing timing engine
Parsing XDC File [/home/huseyin/VivadoProjects/Term_Project/Term_Project.srcs/Stage_1_Config/new/UART_Config.xdc]
Finished Parsing XDC File [/home/huseyin/VivadoProjects/Term_Project/Term_Project.srcs/Stage_1_Config/new/UART_Config.xdc]
INFO: [Project 1-236] Implementation specific constraints were found while reading constraint file [/home/huseyin/VivadoProjects/Term_Project/Term_Project.srcs/Stage_1_Config/new/UART_Config.xdc]. These constraints will be ignored for synthesis but will be used in implementation. Impacted constraints are listed in the file [.Xil/UART_propImpl.xdc].
Resolution: To avoid this warning, move constraints listed in [.Xil/UART_propImpl.xdc] to another XDC file and exclude this new file from synthesis with the used_in_synthesis property (File Properties dialog in GUI) and re-run elaboration/synthesis.
Completed Processing XDC Constraints

Netlist sorting complete. Time (s): cpu = 00:00:00 ; elapsed = 00:00:00 . Memory (MB): peak = 2460.742 ; gain = 0.000 ; free physical = 864 ; free virtual = 16141
INFO: [Project 1-111] Unisim Transformation Summary:
No Unisim elements were transformed.

Constraint Validation Runtime : Time (s): cpu = 00:00:00 ; elapsed = 00:00:00 . Memory (MB): peak = 2460.742 ; gain = 0.000 ; free physical = 864 ; free virtual = 16141
---------------------------------------------------------------------------------
Finished Constraint Validation : Time (s): cpu = 00:00:17 ; elapsed = 00:00:19 . Memory (MB): peak = 2460.742 ; gain = 31.859 ; free physical = 975 ; free virtual = 16253
---------------------------------------------------------------------------------
---------------------------------------------------------------------------------
Start Loading Part and Timing Information
---------------------------------------------------------------------------------
Loading part: xc7a35tcpg236-1
---------------------------------------------------------------------------------
Finished Loading Part and Timing Information : Time (s): cpu = 00:00:17 ; elapsed = 00:00:19 . Memory (MB): peak = 2460.742 ; gain = 31.859 ; free physical = 975 ; free virtual = 16253
---------------------------------------------------------------------------------
---------------------------------------------------------------------------------
Start Applying 'set_property' XDC Constraints
---------------------------------------------------------------------------------
---------------------------------------------------------------------------------
Finished applying 'set_property' XDC Constraints : Time (s): cpu = 00:00:18 ; elapsed = 00:00:19 . Memory (MB): peak = 2460.742 ; gain = 31.859 ; free physical = 975 ; free virtual = 16253
---------------------------------------------------------------------------------
---------------------------------------------------------------------------------
Finished RTL Optimization Phase 2 : Time (s): cpu = 00:00:18 ; elapsed = 00:00:19 . Memory (MB): peak = 2460.742 ; gain = 31.859 ; free physical = 982 ; free virtual = 16263
---------------------------------------------------------------------------------
---------------------------------------------------------------------------------
Start RTL Component Statistics 
---------------------------------------------------------------------------------
Detailed RTL Component Info : 
+---Adders : 
	   2 Input    4 Bit       Adders := 2     
+---XORs : 
	                8 Bit    Wide XORs := 1     
+---Registers : 
	                8 Bit    Registers := 8     
	                4 Bit    Registers := 2     
	                1 Bit    Registers := 23    
+---Muxes : 
	   2 Input    4 Bit        Muxes := 1     
	   2 Input    1 Bit        Muxes := 10    
---------------------------------------------------------------------------------
Finished RTL Component Statistics 
---------------------------------------------------------------------------------
---------------------------------------------------------------------------------
Start Part Resource Summary
---------------------------------------------------------------------------------
Part Resources:
DSPs: 90 (col length:60)
BRAMs: 100 (col length: RAMB18 60 RAMB36 30)
---------------------------------------------------------------------------------
Finished Part Resource Summary
---------------------------------------------------------------------------------
---------------------------------------------------------------------------------
Start Cross Boundary and Area Optimization
---------------------------------------------------------------------------------
---------------------------------------------------------------------------------
Finished Cross Boundary and Area Optimization : Time (s): cpu = 00:00:20 ; elapsed = 00:00:21 . Memory (MB): peak = 2460.742 ; gain = 31.859 ; free physical = 968 ; free virtual = 16257
---------------------------------------------------------------------------------
---------------------------------------------------------------------------------
Start Applying XDC Timing Constraints
---------------------------------------------------------------------------------
---------------------------------------------------------------------------------
Finished Applying XDC Timing Constraints : Time (s): cpu = 00:00:28 ; elapsed = 00:00:30 . Memory (MB): peak = 2460.742 ; gain = 31.859 ; free physical = 894 ; free virtual = 16190
---------------------------------------------------------------------------------
---------------------------------------------------------------------------------
Start Timing Optimization
---------------------------------------------------------------------------------
---------------------------------------------------------------------------------
Finished Timing Optimization : Time (s): cpu = 00:00:28 ; elapsed = 00:00:30 . Memory (MB): peak = 2460.742 ; gain = 31.859 ; free physical = 872 ; free virtual = 16169
---------------------------------------------------------------------------------
---------------------------------------------------------------------------------
Start Technology Mapping
---------------------------------------------------------------------------------
---------------------------------------------------------------------------------
Finished Technology Mapping : Time (s): cpu = 00:00:28 ; elapsed = 00:00:30 . Memory (MB): peak = 2460.742 ; gain = 31.859 ; free physical = 865 ; free virtual = 16162
---------------------------------------------------------------------------------
---------------------------------------------------------------------------------
Start IO Insertion
---------------------------------------------------------------------------------
---------------------------------------------------------------------------------
Start Flattening Before IO Insertion
---------------------------------------------------------------------------------
---------------------------------------------------------------------------------
Finished Flattening Before IO Insertion
---------------------------------------------------------------------------------
---------------------------------------------------------------------------------
Start Final Netlist Cleanup
---------------------------------------------------------------------------------
---------------------------------------------------------------------------------
Finished Final Netlist Cleanup
---------------------------------------------------------------------------------
---------------------------------------------------------------------------------
Finished IO Insertion : Time (s): cpu = 00:00:35 ; elapsed = 00:00:37 . Memory (MB): peak = 2460.742 ; gain = 31.859 ; free physical = 861 ; free virtual = 16158
---------------------------------------------------------------------------------
---------------------------------------------------------------------------------
Start Renaming Generated Instances
---------------------------------------------------------------------------------
---------------------------------------------------------------------------------
Finished Renaming Generated Instances : Time (s): cpu = 00:00:35 ; elapsed = 00:00:37 . Memory (MB): peak = 2460.742 ; gain = 31.859 ; free physical = 861 ; free virtual = 16158
---------------------------------------------------------------------------------
---------------------------------------------------------------------------------
Start Rebuilding User Hierarchy
---------------------------------------------------------------------------------
---------------------------------------------------------------------------------
Finished Rebuilding User Hierarchy : Time (s): cpu = 00:00:35 ; elapsed = 00:00:37 . Memory (MB): peak = 2460.742 ; gain = 31.859 ; free physical = 861 ; free virtual = 16158
---------------------------------------------------------------------------------
---------------------------------------------------------------------------------
Start Renaming Generated Ports
---------------------------------------------------------------------------------
---------------------------------------------------------------------------------
Finished Renaming Generated Ports : Time (s): cpu = 00:00:35 ; elapsed = 00:00:37 . Memory (MB): peak = 2460.742 ; gain = 31.859 ; free physical = 861 ; free virtual = 16158
---------------------------------------------------------------------------------
---------------------------------------------------------------------------------
Start Handling Custom Attributes
---------------------------------------------------------------------------------
---------------------------------------------------------------------------------
Finished Handling Custom Attributes : Time (s): cpu = 00:00:35 ; elapsed = 00:00:37 . Memory (MB): peak = 2460.742 ; gain = 31.859 ; free physical = 861 ; free virtual = 16158
---------------------------------------------------------------------------------
---------------------------------------------------------------------------------
Start Renaming Generated Nets
---------------------------------------------------------------------------------
---------------------------------------------------------------------------------
Finished Renaming Generated Nets : Time (s): cpu = 00:00:35 ; elapsed = 00:00:37 . Memory (MB): peak = 2460.742 ; gain = 31.859 ; free physical = 861 ; free virtual = 16158
---------------------------------------------------------------------------------
---------------------------------------------------------------------------------
Start ROM, RAM, DSP, Shift Register and Retiming Reporting
---------------------------------------------------------------------------------

Static Shift Register Report:
+------------+--------------------------------------+--------+-------+--------------+--------------------+-------------------+--------+---------+
|Module Name | RTL Name                             | Length | Width | Reset Signal | Pull out first Reg | Pull out last Reg | SRL16E | SRLC32E | 
+------------+--------------------------------------+--------+-------+--------------+--------------------+-------------------+--------+---------+
|UART        | transmissionModule/TXBUF3/out_reg[7] | 3      | 8     | NO           | NO                 | YES               | 8      | 0       | 
|UART        | receptionModule/RXBUF3/out_reg[7]    | 4      | 8     | NO           | NO                 | YES               | 8      | 0       | 
+------------+--------------------------------------+--------+-------+--------------+--------------------+-------------------+--------+---------+

---------------------------------------------------------------------------------
Finished ROM, RAM, DSP, Shift Register and Retiming Reporting
---------------------------------------------------------------------------------
---------------------------------------------------------------------------------
Start Writing Synthesis Report
---------------------------------------------------------------------------------

Report BlackBoxes: 
+-+--------------+----------+
| |BlackBox name |Instances |
+-+--------------+----------+
+-+--------------+----------+

Report Cell Usage: 
+------+-------+------+
|      |Cell   |Count |
+------+-------+------+
|1     |BUFG   |     2|
|2     |CARRY4 |     4|
|3     |LUT1   |     4|
|4     |LUT2   |     2|
|5     |LUT3   |    12|
|6     |LUT4   |     5|
|7     |LUT5   |     3|
|8     |LUT6   |     8|
|9     |SRL16E |    16|
|10    |FDRE   |    76|
|11    |IBUF   |    12|
|12    |OBUF   |    17|
+------+-------+------+
---------------------------------------------------------------------------------
Finished Writing Synthesis Report : Time (s): cpu = 00:00:35 ; elapsed = 00:00:37 . Memory (MB): peak = 2460.742 ; gain = 31.859 ; free physical = 861 ; free virtual = 16158
---------------------------------------------------------------------------------
Synthesis finished with 0 errors, 0 critical warnings and 0 warnings.
Synthesis Optimization Runtime : Time (s): cpu = 00:00:32 ; elapsed = 00:00:33 . Memory (MB): peak = 2460.742 ; gain = 0.000 ; free physical = 904 ; free virtual = 16201
Synthesis Optimization Complete : Time (s): cpu = 00:00:35 ; elapsed = 00:00:37 . Memory (MB): peak = 2460.750 ; gain = 31.859 ; free physical = 904 ; free virtual = 16201
INFO: [Project 1-571] Translating synthesized netlist
Netlist sorting complete. Time (s): cpu = 00:00:00.01 ; elapsed = 00:00:00 . Memory (MB): peak = 2460.750 ; gain = 0.000 ; free physical = 907 ; free virtual = 16208
INFO: [Netlist 29-17] Analyzing 4 Unisim elements for replacement
INFO: [Netlist 29-28] Unisim Transformation completed in 0 CPU seconds
INFO: [Project 1-570] Preparing netlist for logic optimization
INFO: [Opt 31-138] Pushed 0 inverter(s) to 0 load pin(s).
Netlist sorting complete. Time (s): cpu = 00:00:00 ; elapsed = 00:00:00 . Memory (MB): peak = 2460.750 ; gain = 0.000 ; free physical = 965 ; free virtual = 16267
INFO: [Project 1-111] Unisim Transformation Summary:
No Unisim elements were transformed.

Synth Design complete, checksum: 7a32754a
INFO: [Common 17-83] Releasing license: Synthesis
29 Infos, 0 Warnings, 0 Critical Warnings and 0 Errors encountered.
synth_design completed successfully
synth_design: Time (s): cpu = 00:00:50 ; elapsed = 00:00:43 . Memory (MB): peak = 2460.750 ; gain = 32.023 ; free physical = 1025 ; free virtual = 16327
INFO: [Common 17-1381] The checkpoint '/home/huseyin/VivadoProjects/Term_Project/Term_Project.runs/synth_1/UART.dcp' has been generated.
INFO: [runtcl-4] Executing : report_utilization -file UART_utilization_synth.rpt -pb UART_utilization_synth.pb
INFO: [Common 17-206] Exiting Vivado at Sun May  5 10:51:52 2024...
